<?xml version="1.0" encoding="UTF-8"?>
<!-- Generated by org.testng.reporters.JUnitReportReporter -->
<testsuite hostname="KisanAbhi-PC" name="com.kisan.kisannet.testscripts.SendImageToAdmin" tests="1" failures="0" timestamp="7 May 2018 12:13:27 GMT" time="78.795" errors="0">
  <testcase name="sendImageToAdmin" time="78.795" classname="com.kisan.kisannet.testscripts.SendImageToAdmin"/>
</testsuite> <!-- com.kisan.kisannet.testscripts.SendImageToAdmin -->
