<?xml version="1.0" encoding="UTF-8"?>
<!-- Generated by org.testng.reporters.JUnitReportReporter -->
<testsuite hostname="KisanAbhi-PC" name="com.kisan.kisannet.testscripts.InviteToFollowChannel" tests="2" failures="0" timestamp="9 Jul 2018 10:50:32 GMT" time="55.126" errors="0">
  <testcase name="inviteByContactName" time="25.817" classname="com.kisan.kisannet.testscripts.InviteToFollowChannel"/>
  <testcase name="inviteManually" time="29.309" classname="com.kisan.kisannet.testscripts.InviteToFollowChannel"/>
</testsuite> <!-- com.kisan.kisannet.testscripts.InviteToFollowChannel -->
