<?xml version="1.0" encoding="UTF-8"?>
<!-- Generated by org.testng.reporters.JUnitReportReporter -->
<testsuite hostname="KisanAbhi-PC" name="com.kisan.kisannet.testscripts.SendVideoToFollowers" tests="1" failures="0" timestamp="7 May 2018 12:13:27 GMT" time="75.341" errors="0">
  <testcase name="sendImageToFollower" time="75.341" classname="com.kisan.kisannet.testscripts.SendVideoToFollowers"/>
</testsuite> <!-- com.kisan.kisannet.testscripts.SendVideoToFollowers -->
