<?xml version="1.0" encoding="UTF-8"?>
<!-- Generated by org.testng.reporters.JUnitReportReporter -->
<testsuite hostname="KisanAbhi-PC" name="com.kisan.kisannet.testscripts.InviteToFollowChannel" tests="2" failures="0" timestamp="10 Sep 2018 11:19:24 GMT" time="54.291" errors="0">
  <testcase name="inviteToFollowChannelManually" time="26.069" classname="com.kisan.kisannet.testscripts.InviteToFollowChannel"/>
  <testcase name="inviteToFollowChannelByContactName" time="28.222" classname="com.kisan.kisannet.testscripts.InviteToFollowChannel"/>
</testsuite> <!-- com.kisan.kisannet.testscripts.InviteToFollowChannel -->
