<?xml version="1.0" encoding="UTF-8"?>
<!-- Generated by org.testng.reporters.JUnitReportReporter -->
<testsuite hostname="KisanAbhi-PC" name="com.kisan.kisannet.testscripts.SendAudioToFollowers" tests="2" failures="0" timestamp="10 Sep 2018 11:19:24 GMT" time="231.623" errors="0">
  <testcase name="sendAudioToFollower" time="113.775" classname="com.kisan.kisannet.testscripts.SendAudioToFollowers"/>
  <testcase name="sendAudioUserProfile" time="117.848" classname="com.kisan.kisannet.testscripts.SendAudioToFollowers"/>
</testsuite> <!-- com.kisan.kisannet.testscripts.SendAudioToFollowers -->
