<?xml version="1.0" encoding="UTF-8"?>
<!-- Generated by org.testng.reporters.JUnitReportReporter -->
<testsuite hostname="KisanAbhi-PC" name="com.kisan.kisannet.testscripts.SendAudioToFollowers" tests="1" failures="0" timestamp="7 May 2018 12:13:27 GMT" time="155.439" errors="0">
  <testcase name="sendImageToFollower" time="155.439" classname="com.kisan.kisannet.testscripts.SendAudioToFollowers"/>
</testsuite> <!-- com.kisan.kisannet.testscripts.SendAudioToFollowers -->
