<?xml version="1.0" encoding="UTF-8"?>
<!-- Generated by org.testng.reporters.JUnitReportReporter -->
<testsuite hostname="KisanAbhi-PC" name="com.kisan.kisannet.testscripts.CreateChannel" tests="1" failures="0" timestamp="10 Sep 2018 11:19:24 GMT" time="56.401" errors="0">
  <testcase name="createPublicChannel" time="56.401" classname="com.kisan.kisannet.testscripts.CreateChannel"/>
</testsuite> <!-- com.kisan.kisannet.testscripts.CreateChannel -->
