<?xml version="1.0" encoding="UTF-8"?>
<!-- Generated by org.testng.reporters.JUnitReportReporter -->
<testsuite hostname="KisanAbhi-PC" name="com.kisan.kisannet.testscripts.CreateChannel" tests="1" failures="0" timestamp="9 Jul 2018 10:50:32 GMT" time="65.651" errors="0">
  <testcase name="createPublicChannel" time="65.651" classname="com.kisan.kisannet.testscripts.CreateChannel"/>
</testsuite> <!-- com.kisan.kisannet.testscripts.CreateChannel -->
