<?xml version="1.0" encoding="UTF-8"?>
<!-- Generated by org.testng.reporters.JUnitReportReporter -->
<testsuite hostname="KisanAbhi-PC" name="com.kisan.kisannet.testscripts.SendTextMessageToFollowers" tests="1" failures="0" timestamp="25 Apr 2018 12:52:55 GMT" time="21.932" errors="0">
  <testcase name="sendTextMessageTofollower" time="21.932" classname="com.kisan.kisannet.testscripts.SendTextMessageToFollowers"/>
</testsuite> <!-- com.kisan.kisannet.testscripts.SendTextMessageToFollowers -->
