<?xml version="1.0" encoding="UTF-8"?>
<!-- Generated by org.testng.reporters.JUnitReportReporter -->
<testsuite hostname="KisanAbhi-PC" name="com.kisan.kisannet.testscripts.SendImageToAdmin" tests="1" failures="0" timestamp="9 Jul 2018 10:50:32 GMT" time="45.854" errors="0">
  <testcase name="sendImageToAdmin" time="45.854" classname="com.kisan.kisannet.testscripts.SendImageToAdmin"/>
</testsuite> <!-- com.kisan.kisannet.testscripts.SendImageToAdmin -->
