<?xml version="1.0" encoding="UTF-8"?>
<!-- Generated by org.testng.reporters.JUnitReportReporter -->
<testsuite hostname="KisanAbhi-PC" name="com.kisan.kisannet.testscripts.CreateChannel" tests="1" failures="0" timestamp="2 May 2018 06:59:09 GMT" time="51.077" errors="0">
  <testcase name="CreateChannel" time="51.077" classname="com.kisan.kisannet.testscripts.CreateChannel"/>
</testsuite> <!-- com.kisan.kisannet.testscripts.CreateChannel -->
