<?xml version="1.0" encoding="UTF-8"?>
<!-- Generated by org.testng.reporters.JUnitReportReporter -->
<testsuite hostname="KisanAbhi-PC" name="com.kisan.kisannet.testscripts.InviteToDownloadApp" tests="2" failures="0" timestamp="10 Sep 2018 11:19:24 GMT" time="28.274" errors="0">
  <testcase name="inviteToDownloadAppByContactName" time="14.895" classname="com.kisan.kisannet.testscripts.InviteToDownloadApp"/>
  <testcase name="inviteToDownloadAppManually" time="13.379" classname="com.kisan.kisannet.testscripts.InviteToDownloadApp"/>
</testsuite> <!-- com.kisan.kisannet.testscripts.InviteToDownloadApp -->
