<?xml version="1.0" encoding="UTF-8"?>
<!-- Generated by org.testng.reporters.JUnitReportReporter -->
<testsuite hostname="KisanAbhi-PC" name="com.kisan.kisannet.testscripts.SendVideoToAdmin" tests="1" failures="0" timestamp="8 May 2018 12:51:12 GMT" time="86.907" errors="0">
  <testcase name="sendImageToAdmin" time="86.907" classname="com.kisan.kisannet.testscripts.SendVideoToAdmin"/>
</testsuite> <!-- com.kisan.kisannet.testscripts.SendVideoToAdmin -->
