<?xml version="1.0" encoding="UTF-8"?>
<!-- Generated by org.testng.reporters.JUnitReportReporter -->
<testsuite hostname="KisanAbhi-PC" name="com.kisan.kisannet.testscripts.InviteToFollowChannel" tests="2" failures="0" timestamp="30 Jul 2018 12:45:10 GMT" time="182.089" errors="0">
  <testcase name="inviteToFollowChannelManually" time="80.232" classname="com.kisan.kisannet.testscripts.InviteToFollowChannel"/>
  <testcase name="inviteToFollowChannelByContactName" time="101.857" classname="com.kisan.kisannet.testscripts.InviteToFollowChannel"/>
</testsuite> <!-- com.kisan.kisannet.testscripts.InviteToFollowChannel -->
