<?xml version="1.0" encoding="UTF-8"?>
<!-- Generated by org.testng.reporters.JUnitReportReporter -->
<testsuite hostname="KisanAbhi-PC" name="com.kisan.kisannet.testscripts.FollowChannel" tests="2" failures="0" timestamp="9 Jul 2018 11:14:18 GMT" time="86.621" errors="0">
  <testcase name="followChannelFormChannelProfile" time="42.004" classname="com.kisan.kisannet.testscripts.FollowChannel"/>
  <testcase name="followChannelFormDiscover" time="44.617" classname="com.kisan.kisannet.testscripts.FollowChannel"/>
</testsuite> <!-- com.kisan.kisannet.testscripts.FollowChannel -->
