<?xml version="1.0" encoding="UTF-8"?>
<!-- Generated by org.testng.reporters.JUnitReportReporter -->
<testsuite hostname="KisanAbhi-PC" name="com.kisan.kisannet.testscripts.EditChannelProfile" tests="1" failures="0" timestamp="10 Sep 2018 11:19:24 GMT" time="100.151" errors="0">
  <testcase name="editChannelProfile" time="100.151" classname="com.kisan.kisannet.testscripts.EditChannelProfile"/>
</testsuite> <!-- com.kisan.kisannet.testscripts.EditChannelProfile -->
