<?xml version="1.0" encoding="UTF-8"?>
<!-- Generated by org.testng.reporters.JUnitReportReporter -->
<testsuite hostname="KisanAbhi-PC" name="com.kisan.kisannet.testscripts.SendVideoToFollowers" tests="2" failures="0" timestamp="30 Jul 2018 08:51:19 GMT" time="98.679" errors="0">
  <testcase name="sendVideoToFollower" time="48.427" classname="com.kisan.kisannet.testscripts.SendVideoToFollowers"/>
  <testcase name="sendVideoFromUserProfile" time="50.252" classname="com.kisan.kisannet.testscripts.SendVideoToFollowers"/>
</testsuite> <!-- com.kisan.kisannet.testscripts.SendVideoToFollowers -->
