<?xml version="1.0" encoding="UTF-8"?>
<!-- Generated by org.testng.reporters.JUnitReportReporter -->
<testsuite hostname="KisanAbhi-PC" name="com.kisan.kisannet.testscripts.SendImageToAdmin" tests="2" failures="0" timestamp="30 Jul 2018 08:51:19 GMT" time="86.735" errors="0">
  <testcase name="sendImageFromUserProfile" time="47.094" classname="com.kisan.kisannet.testscripts.SendImageToAdmin"/>
  <testcase name="sendImageToAdmin" time="39.641" classname="com.kisan.kisannet.testscripts.SendImageToAdmin"/>
</testsuite> <!-- com.kisan.kisannet.testscripts.SendImageToAdmin -->
