<?xml version="1.0" encoding="UTF-8"?>
<!-- Generated by org.testng.reporters.JUnitReportReporter -->
<testsuite hostname="KisanAbhi-PC" name="com.kisan.kisannet.testscripts.SendTextMessageToFollowers" tests="1" failures="0" timestamp="10 Sep 2018 11:19:24 GMT" time="34.130" errors="0">
  <testcase name="sendTextMessageFromUserProfile" time="34.130" classname="com.kisan.kisannet.testscripts.SendTextMessageToFollowers"/>
</testsuite> <!-- com.kisan.kisannet.testscripts.SendTextMessageToFollowers -->
