<?xml version="1.0" encoding="UTF-8"?>
<!-- Generated by org.testng.reporters.JUnitReportReporter -->
<testsuite hostname="KisanAbhi-PC" name="com.kisan.kisannet.testscripts.FollowChannel" tests="2" failures="0" timestamp="30 Jul 2018 08:51:19 GMT" time="79.546" errors="0">
  <testcase name="followChannelFormDiscover" time="35.885" classname="com.kisan.kisannet.testscripts.FollowChannel"/>
  <testcase name="followChannelFormChannelProfile" time="43.661" classname="com.kisan.kisannet.testscripts.FollowChannel"/>
</testsuite> <!-- com.kisan.kisannet.testscripts.FollowChannel -->
