<?xml version="1.0" encoding="UTF-8"?>
<!-- Generated by org.testng.reporters.JUnitReportReporter -->
<testsuite hostname="KisanAbhi-PC" name="com.kisan.kisannet.testscripts.SendLocationToFollowers" tests="2" failures="0" timestamp="10 Sep 2018 11:19:24 GMT" time="54.305" errors="0">
  <testcase name="sendLocationToFollower" time="22.235" classname="com.kisan.kisannet.testscripts.SendLocationToFollowers"/>
  <testcase name="sendLocationFromUserProfile" time="32.070" classname="com.kisan.kisannet.testscripts.SendLocationToFollowers"/>
</testsuite> <!-- com.kisan.kisannet.testscripts.SendLocationToFollowers -->
