<?xml version="1.0" encoding="UTF-8"?>
<!-- Generated by org.testng.reporters.JUnitReportReporter -->
<testsuite hostname="KisanAbhi-PC" name="com.kisan.kisannet.testscripts.SendImageToFollowers" tests="1" failures="0" timestamp="4 May 2018 07:35:11 GMT" time="66.312" errors="0">
  <testcase name="sendTextMessageToFollower" time="66.312" classname="com.kisan.kisannet.testscripts.SendImageToFollowers"/>
</testsuite> <!-- com.kisan.kisannet.testscripts.SendImageToFollowers -->
