<?xml version="1.0" encoding="UTF-8"?>
<!-- Generated by org.testng.reporters.JUnitReportReporter -->
<testsuite hostname="KisanAbhi-PC" name="com.kisan.kisannet.testscripts.SendAudioToFollowers" tests="2" failures="0" timestamp="30 Jul 2018 08:51:19 GMT" time="151.852" errors="0">
  <testcase name="sendAudioToFollower" time="75.508" classname="com.kisan.kisannet.testscripts.SendAudioToFollowers"/>
  <testcase name="sendAudioUserProfile" time="76.344" classname="com.kisan.kisannet.testscripts.SendAudioToFollowers"/>
</testsuite> <!-- com.kisan.kisannet.testscripts.SendAudioToFollowers -->
