<?xml version="1.0" encoding="UTF-8"?>
<!-- Generated by org.testng.reporters.JUnitReportReporter -->
<testsuite hostname="KisanAbhi-PC" name="com.kisan.kisannet.testscripts.SendTextMessageToAdmin" tests="1" failures="0" timestamp="4 May 2018 06:54:06 GMT" time="49.432" errors="0">
  <testcase name="SendTextMessageToAdmin" time="49.432" classname="com.kisan.kisannet.testscripts.SendTextMessageToAdmin"/>
</testsuite> <!-- com.kisan.kisannet.testscripts.SendTextMessageToAdmin -->
