<?xml version="1.0" encoding="UTF-8"?>
<!-- Generated by org.testng.reporters.JUnitReportReporter -->
<testsuite hostname="KisanAbhi-PC" name="com.kisan.kisannet.testscripts.EditChannelProfile" tests="1" failures="0" timestamp="30 Jul 2018 09:59:34 GMT" time="98.320" errors="0">
  <testcase name="editChannelProfile" time="98.320" classname="com.kisan.kisannet.testscripts.EditChannelProfile"/>
</testsuite> <!-- com.kisan.kisannet.testscripts.EditChannelProfile -->
