<?xml version="1.0" encoding="UTF-8"?>
<!-- Generated by org.testng.reporters.JUnitReportReporter -->
<testsuite hostname="KisanAbhi-PC" name="com.kisan.kisannet.testscripts.SendTextMessageToFollowers" tests="1" failures="0" timestamp="26 Apr 2018 12:05:50 GMT" time="26.140" errors="0">
  <testcase name="sendTextMessageTofollower" time="26.140" classname="com.kisan.kisannet.testscripts.SendTextMessageToFollowers"/>
</testsuite> <!-- com.kisan.kisannet.testscripts.SendTextMessageToFollowers -->
