<?xml version="1.0" encoding="UTF-8"?>
<!-- Generated by org.testng.reporters.JUnitReportReporter -->
<testsuite hostname="KisanAbhi-PC" name="com.kisan.kisannet.testscripts.SendImageToFollowers" tests="2" failures="0" timestamp="10 Sep 2018 11:19:24 GMT" time="75.846" errors="0">
  <testcase name="sendImageFromUserProfile" time="44.035" classname="com.kisan.kisannet.testscripts.SendImageToFollowers"/>
  <testcase name="sendImageToFollower" time="31.811" classname="com.kisan.kisannet.testscripts.SendImageToFollowers"/>
</testsuite> <!-- com.kisan.kisannet.testscripts.SendImageToFollowers -->
