<?xml version="1.0" encoding="UTF-8"?>
<!-- Generated by org.testng.reporters.JUnitReportReporter -->
<testsuite hostname="KisanAbhi-PC" name="com.kisan.kisannet.testscripts.SendAudioToFollowers" tests="1" failures="0" timestamp="9 Jul 2018 05:53:24 GMT" time="75.345" errors="0">
  <testcase name="sendAudioToFollower" time="75.345" classname="com.kisan.kisannet.testscripts.SendAudioToFollowers"/>
</testsuite> <!-- com.kisan.kisannet.testscripts.SendAudioToFollowers -->
