<?xml version="1.0" encoding="UTF-8"?>
<!-- Generated by org.testng.reporters.JUnitReportReporter -->
<testsuite hostname="KisanAbhi-PC" name="com.kisan.kisannet.testscripts.SendTextMessageToAdmin" tests="2" failures="0" timestamp="30 Jul 2018 08:51:19 GMT" time="62.018" errors="0">
  <testcase name="SendTextMessageToAdmin" time="28.177" classname="com.kisan.kisannet.testscripts.SendTextMessageToAdmin"/>
  <testcase name="sendTextMessageFromUserProfile" time="33.841" classname="com.kisan.kisannet.testscripts.SendTextMessageToAdmin"/>
</testsuite> <!-- com.kisan.kisannet.testscripts.SendTextMessageToAdmin -->
