<?xml version="1.0" encoding="UTF-8"?>
<!-- Generated by org.testng.reporters.JUnitReportReporter -->
<testsuite hostname="KisanAbhi-PC" name="com.kisan.kisannet.testscripts.SendLocationToFollowers" tests="2" failures="0" timestamp="30 Jul 2018 08:51:19 GMT" time="51.156" errors="0">
  <testcase name="sendLocationFromUserProfile" time="27.763" classname="com.kisan.kisannet.testscripts.SendLocationToFollowers"/>
  <testcase name="sendLocationToFollower" time="23.393" classname="com.kisan.kisannet.testscripts.SendLocationToFollowers"/>
</testsuite> <!-- com.kisan.kisannet.testscripts.SendLocationToFollowers -->
