<?xml version="1.0" encoding="UTF-8"?>
<!-- Generated by org.testng.reporters.JUnitReportReporter -->
<testsuite hostname="KisanAbhi-PC" name="com.kisan.kisannet.testscripts.SendVideoToAdmin" tests="1" failures="0" timestamp="9 Jul 2018 10:50:32 GMT" time="41.658" errors="0">
  <testcase name="sendVideoToAdmin" time="41.658" classname="com.kisan.kisannet.testscripts.SendVideoToAdmin"/>
</testsuite> <!-- com.kisan.kisannet.testscripts.SendVideoToAdmin -->
