<?xml version="1.0" encoding="UTF-8"?>
<!-- Generated by org.testng.reporters.JUnitReportReporter -->
<testsuite hostname="KisanAbhi-PC" name="com.kisan.kisannet.testscripts.SendLocationToAdmin" tests="1" failures="0" timestamp="8 May 2018 05:26:49 GMT" time="76.734" errors="0">
  <testcase name="sendImageToFollower" time="76.734" classname="com.kisan.kisannet.testscripts.SendLocationToAdmin"/>
</testsuite> <!-- com.kisan.kisannet.testscripts.SendLocationToAdmin -->
