<?xml version="1.0" encoding="UTF-8"?>
<!-- Generated by org.testng.reporters.JUnitReportReporter -->
<testsuite hostname="KisanAbhi-PC" name="com.kisan.kisannet.testscripts.InviteToDownloadApp" tests="2" failures="0" timestamp="9 Jul 2018 10:50:32 GMT" time="33.476" errors="0">
  <testcase name="inviteManually" time="14.296" classname="com.kisan.kisannet.testscripts.InviteToDownloadApp"/>
  <testcase name="inviteByContact" time="19.180" classname="com.kisan.kisannet.testscripts.InviteToDownloadApp"/>
</testsuite> <!-- com.kisan.kisannet.testscripts.InviteToDownloadApp -->
