<?xml version="1.0" encoding="UTF-8"?>
<!-- Generated by org.testng.reporters.JUnitReportReporter -->
<testsuite hostname="KisanAbhi-PC" name="com.kisan.kisannet.testscripts.SendAudioToAdmin" tests="2" failures="0" timestamp="30 Jul 2018 08:51:19 GMT" time="156.763" errors="0">
  <testcase name="sendAudioToAdmin" time="78.658" classname="com.kisan.kisannet.testscripts.SendAudioToAdmin"/>
  <testcase name="sendVideoFromUserProfile" time="78.105" classname="com.kisan.kisannet.testscripts.SendAudioToAdmin"/>
</testsuite> <!-- com.kisan.kisannet.testscripts.SendAudioToAdmin -->
