<?xml version="1.0" encoding="UTF-8"?>
<!-- Generated by org.testng.reporters.JUnitReportReporter -->
<testsuite hostname="KisanAbhi-PC" name="com.kisan.kisannet.testscripts.Logout" tests="1" failures="0" timestamp="30 Jul 2018 08:51:19 GMT" time="8.175" errors="0">
  <testcase name="logout" time="8.175" classname="com.kisan.kisannet.testscripts.Logout"/>
</testsuite> <!-- com.kisan.kisannet.testscripts.Logout -->
