<?xml version="1.0" encoding="UTF-8"?>
<!-- Generated by org.testng.reporters.JUnitReportReporter -->
<testsuite hostname="KisanAbhi-PC" name="com.kisan.kisannet.testscripts.SendLocationToFollowers" tests="1" failures="0" timestamp="9 Jul 2018 05:53:24 GMT" time="25.286" errors="0">
  <testcase name="sendLocationToFollower" time="25.286" classname="com.kisan.kisannet.testscripts.SendLocationToFollowers"/>
</testsuite> <!-- com.kisan.kisannet.testscripts.SendLocationToFollowers -->
