<?xml version="1.0" encoding="UTF-8"?>
<!-- Generated by org.testng.reporters.JUnitReportReporter -->
<testsuite hostname="KisanAbhi-PC" name="com.kisan.kisannet.testscripts.SendLocationToAdmin" tests="2" failures="0" timestamp="30 Jul 2018 08:51:19 GMT" time="56.416" errors="0">
  <testcase name="sendVideoFromUserProfile" time="31.380" classname="com.kisan.kisannet.testscripts.SendLocationToAdmin"/>
  <testcase name="sendLocationToFollower" time="25.036" classname="com.kisan.kisannet.testscripts.SendLocationToAdmin"/>
</testsuite> <!-- com.kisan.kisannet.testscripts.SendLocationToAdmin -->
