<?xml version="1.0" encoding="UTF-8"?>
<!-- Generated by org.testng.reporters.JUnitReportReporter -->
<testsuite hostname="KisanAbhi-PC" name="com.kisan.kisannet.testscripts.SendImageToFollowers" tests="2" failures="0" timestamp="30 Jul 2018 08:51:19 GMT" time="83.504" errors="0">
  <testcase name="sendImageToFollower" time="40.231" classname="com.kisan.kisannet.testscripts.SendImageToFollowers"/>
  <testcase name="sendImageFromUserProfile" time="43.273" classname="com.kisan.kisannet.testscripts.SendImageToFollowers"/>
</testsuite> <!-- com.kisan.kisannet.testscripts.SendImageToFollowers -->
