<?xml version="1.0" encoding="UTF-8"?>
<!-- Generated by org.testng.reporters.JUnitReportReporter -->
<testsuite hostname="KisanAbhi-PC" name="com.kisan.kisannet.testscripts.SendLocationToFollowers" tests="1" failures="0" timestamp="7 May 2018 12:37:17 GMT" time="62.611" errors="0">
  <testcase name="sendImageToFollower" time="62.611" classname="com.kisan.kisannet.testscripts.SendLocationToFollowers"/>
</testsuite> <!-- com.kisan.kisannet.testscripts.SendLocationToFollowers -->
