<?xml version="1.0" encoding="UTF-8"?>
<!-- Generated by org.testng.reporters.JUnitReportReporter -->
<testsuite hostname="KisanAbhi-PC" name="com.kisan.kisannet.testscripts.CreateChannel" tests="1" failures="0" timestamp="30 Jul 2018 09:47:44 GMT" time="72.280" errors="0">
  <testcase name="createPublicChannel" time="72.280" classname="com.kisan.kisannet.testscripts.CreateChannel"/>
</testsuite> <!-- com.kisan.kisannet.testscripts.CreateChannel -->
