<?xml version="1.0" encoding="UTF-8"?>
<!-- Generated by org.testng.reporters.JUnitReportReporter -->
<testsuite hostname="KisanAbhi-PC" name="com.kisan.kisannet.testscripts.SendVideoToFollowers" tests="2" failures="0" timestamp="10 Sep 2018 11:19:24 GMT" time="84.565" errors="0">
  <testcase name="sendVideoToFollowerFromUserProfile" time="41.806" classname="com.kisan.kisannet.testscripts.SendVideoToFollowers"/>
  <testcase name="sendVideoToFollower" time="42.759" classname="com.kisan.kisannet.testscripts.SendVideoToFollowers"/>
</testsuite> <!-- com.kisan.kisannet.testscripts.SendVideoToFollowers -->
