<?xml version="1.0" encoding="UTF-8"?>
<!-- Generated by org.testng.reporters.JUnitReportReporter -->
<testsuite hostname="KisanAbhi-PC" name="com.kisan.kisannet.testscripts.SendTextMessageToFollowers" tests="1" failures="0" timestamp="30 Jul 2018 08:51:19 GMT" time="33.488" errors="0">
  <testcase name="sendTextMessageFromUserProfile" time="33.488" classname="com.kisan.kisannet.testscripts.SendTextMessageToFollowers"/>
</testsuite> <!-- com.kisan.kisannet.testscripts.SendTextMessageToFollowers -->
