<?xml version="1.0" encoding="UTF-8"?>
<!-- Generated by org.testng.reporters.JUnitReportReporter -->
<testsuite hostname="KisanAbhi-PC" name="com.kisan.kisannet.testscripts.SendTextMessageToAdmin" tests="1" failures="0" timestamp="9 Jul 2018 10:50:32 GMT" time="28.773" errors="0">
  <testcase name="SendTextMessageToAdmin" time="28.773" classname="com.kisan.kisannet.testscripts.SendTextMessageToAdmin"/>
</testsuite> <!-- com.kisan.kisannet.testscripts.SendTextMessageToAdmin -->
