<?xml version="1.0" encoding="UTF-8"?>
<!-- Generated by org.testng.reporters.JUnitReportReporter -->
<testsuite hostname="KisanAbhi-PC" name="com.kisan.kisannet.testscripts.InviteToDownloadApp" tests="2" failures="0" timestamp="30 Jul 2018 12:38:50 GMT" time="28.254" errors="0">
  <testcase name="inviteToDownloadAppByContactName" time="13.887" classname="com.kisan.kisannet.testscripts.InviteToDownloadApp"/>
  <testcase name="inviteToDownloadAppManually" time="14.367" classname="com.kisan.kisannet.testscripts.InviteToDownloadApp"/>
</testsuite> <!-- com.kisan.kisannet.testscripts.InviteToDownloadApp -->
