<?xml version="1.0" encoding="UTF-8"?>
<!-- Generated by org.testng.reporters.JUnitReportReporter -->
<testsuite hostname="KisanAbhi-PC" name="com.kisan.kisannet.testscripts.EditSelfProfile" tests="1" failures="0" timestamp="30 Jul 2018 09:57:22 GMT" time="80.392" errors="0">
  <testcase name="editSelfProfile" time="80.392" classname="com.kisan.kisannet.testscripts.EditSelfProfile"/>
</testsuite> <!-- com.kisan.kisannet.testscripts.EditSelfProfile -->
